2024/04/25 06:27:22 - __main__ - INFO - 66 - main - Namespace(dataset='steam', log_file='log/', random_seed=1997, max_len=50, device='cuda', num_gpu=1, batch_size=512, hidden_size=128, dropout=0.1, emb_dropout=0.3, hidden_act='gelu', num_blocks=4, epochs=500, decay_step=100, gamma=0.1, metric_ks=[5, 10, 20], optimizer='Adam', lr=0.001, loss_lambda=1, weight_decay=0, momentum=None, schedule_sampler_name='lossaware', diffusion_steps=16, lambda_uncertainty=0.001, noise_schedule='trunc_lin', rescale_timesteps=True, eval_interval=20, patience=5, description='Diffu_norm_score', long_head=False, diversity_measure=False, epoch_time_avg=False)
2024/04/25 07:48:15 - __main__ - INFO - 92 - trainer - Epoch: 0
2024/04/25 07:48:16 - __main__ - INFO - 108 - trainer - [0/8464] Loss: 52.4403
2024/04/25 07:55:20 - __main__ - INFO - 108 - trainer - [1693/8464] Loss: 5.4633
2024/04/25 07:59:21 - __main__ - INFO - 108 - trainer - [3386/8464] Loss: 5.4469
2024/04/25 08:02:03 - __main__ - INFO - 108 - trainer - [5079/8464] Loss: 5.3313
2024/04/25 08:05:08 - __main__ - INFO - 108 - trainer - [6772/8464] Loss: 5.4698
2024/04/25 08:07:46 - __main__ - INFO - 92 - trainer - Epoch: 1
2024/04/25 08:07:46 - __main__ - INFO - 108 - trainer - [0/8464] Loss: 4.9969
2024/04/25 08:10:25 - __main__ - INFO - 108 - trainer - [1693/8464] Loss: 5.2406
2024/04/25 08:18:08 - __main__ - INFO - 108 - trainer - [3386/8464] Loss: 5.1109
2024/04/25 08:25:02 - __main__ - INFO - 108 - trainer - [5079/8464] Loss: 5.1043
2024/04/25 08:30:00 - __main__ - INFO - 108 - trainer - [6772/8464] Loss: 4.7885
2024/04/25 08:34:44 - __main__ - INFO - 92 - trainer - Epoch: 2
2024/04/25 08:34:45 - __main__ - INFO - 108 - trainer - [0/8464] Loss: 5.0931
2024/04/25 08:40:36 - __main__ - INFO - 108 - trainer - [1693/8464] Loss: 5.2871
2024/04/25 08:47:58 - __main__ - INFO - 108 - trainer - [3386/8464] Loss: 4.9398
2024/04/25 08:52:48 - __main__ - INFO - 108 - trainer - [5079/8464] Loss: 5.2977
2024/04/25 08:57:55 - __main__ - INFO - 108 - trainer - [6772/8464] Loss: 4.8108
2024/04/25 09:02:29 - __main__ - INFO - 92 - trainer - Epoch: 3
2024/04/25 09:02:30 - __main__ - INFO - 108 - trainer - [0/8464] Loss: 5.3543
2024/04/25 09:05:17 - __main__ - INFO - 108 - trainer - [1693/8464] Loss: 4.9920
2024/04/25 09:07:59 - __main__ - INFO - 108 - trainer - [3386/8464] Loss: 4.8552
2024/04/25 09:10:39 - __main__ - INFO - 108 - trainer - [5079/8464] Loss: 5.1931
2024/04/25 09:13:54 - __main__ - INFO - 108 - trainer - [6772/8464] Loss: 4.9943
2024/04/25 09:16:34 - __main__ - INFO - 92 - trainer - Epoch: 4
2024/04/25 09:16:34 - __main__ - INFO - 108 - trainer - [0/8464] Loss: 5.0195
2024/04/25 09:19:15 - __main__ - INFO - 108 - trainer - [1693/8464] Loss: 4.8817
2024/04/25 09:22:28 - __main__ - INFO - 108 - trainer - [3386/8464] Loss: 4.9836
2024/04/25 09:25:11 - __main__ - INFO - 108 - trainer - [5079/8464] Loss: 5.1032
2024/04/25 09:27:54 - __main__ - INFO - 108 - trainer - [6772/8464] Loss: 5.1674
2024/04/25 09:30:33 - __main__ - INFO - 92 - trainer - Epoch: 5
2024/04/25 09:30:33 - __main__ - INFO - 108 - trainer - [0/8464] Loss: 4.9855
2024/04/25 09:33:40 - __main__ - INFO - 108 - trainer - [1693/8464] Loss: 5.0997
2024/04/25 09:36:23 - __main__ - INFO - 108 - trainer - [3386/8464] Loss: 5.1770
2024/04/25 09:39:06 - __main__ - INFO - 108 - trainer - [5079/8464] Loss: 4.6992
2024/04/25 09:42:11 - __main__ - INFO - 108 - trainer - [6772/8464] Loss: 4.8273
2024/04/25 09:44:59 - __main__ - INFO - 92 - trainer - Epoch: 6
2024/04/25 09:44:59 - __main__ - INFO - 108 - trainer - [0/8464] Loss: 5.0477
2024/04/25 09:48:26 - __main__ - INFO - 108 - trainer - [1693/8464] Loss: 5.1823
2024/04/25 09:52:01 - __main__ - INFO - 108 - trainer - [3386/8464] Loss: 5.0204
2024/04/25 09:55:42 - __main__ - INFO - 108 - trainer - [5079/8464] Loss: 5.1939
2024/04/25 09:59:41 - __main__ - INFO - 108 - trainer - [6772/8464] Loss: 4.8395
2024/04/25 10:03:06 - __main__ - INFO - 92 - trainer - Epoch: 7
2024/04/25 10:03:06 - __main__ - INFO - 108 - trainer - [0/8464] Loss: 4.9600
2024/04/25 10:07:14 - __main__ - INFO - 108 - trainer - [1693/8464] Loss: 4.9660
2024/04/25 10:10:52 - __main__ - INFO - 108 - trainer - [3386/8464] Loss: 4.7743
2024/04/25 10:14:19 - __main__ - INFO - 108 - trainer - [5079/8464] Loss: 4.7944
2024/04/25 10:17:41 - __main__ - INFO - 108 - trainer - [6772/8464] Loss: 5.2191
2024/04/25 10:21:24 - __main__ - INFO - 92 - trainer - Epoch: 8
2024/04/25 10:21:25 - __main__ - INFO - 108 - trainer - [0/8464] Loss: 4.8691
2024/04/25 10:25:23 - __main__ - INFO - 108 - trainer - [1693/8464] Loss: 4.6769
2024/04/25 10:29:00 - __main__ - INFO - 108 - trainer - [3386/8464] Loss: 5.0193
2024/04/25 10:32:25 - __main__ - INFO - 108 - trainer - [5079/8464] Loss: 4.8973
2024/04/25 10:36:34 - __main__ - INFO - 108 - trainer - [6772/8464] Loss: 5.1693
2024/04/25 10:39:59 - __main__ - INFO - 92 - trainer - Epoch: 9
2024/04/25 10:39:59 - __main__ - INFO - 108 - trainer - [0/8464] Loss: 4.6735
2024/04/25 10:43:43 - __main__ - INFO - 108 - trainer - [1693/8464] Loss: 4.9563
2024/04/25 10:47:09 - __main__ - INFO - 108 - trainer - [3386/8464] Loss: 5.1809
2024/04/25 10:50:52 - __main__ - INFO - 108 - trainer - [5079/8464] Loss: 4.7337
2024/04/25 10:54:45 - __main__ - INFO - 108 - trainer - [6772/8464] Loss: 4.6877
2024/04/25 10:58:30 - __main__ - INFO - 92 - trainer - Epoch: 10
2024/04/25 10:58:30 - __main__ - INFO - 108 - trainer - [0/8464] Loss: 4.8410
2024/04/25 11:02:24 - __main__ - INFO - 108 - trainer - [1693/8464] Loss: 4.8945
2024/04/25 11:06:07 - __main__ - INFO - 108 - trainer - [3386/8464] Loss: 4.8470
2024/04/25 11:09:34 - __main__ - INFO - 108 - trainer - [5079/8464] Loss: 4.9230
2024/04/25 11:13:13 - __main__ - INFO - 108 - trainer - [6772/8464] Loss: 4.8111
2024/04/25 11:16:46 - __main__ - INFO - 92 - trainer - Epoch: 11
2024/04/25 11:16:47 - __main__ - INFO - 108 - trainer - [0/8464] Loss: 4.7244
2024/04/25 11:21:00 - __main__ - INFO - 108 - trainer - [1693/8464] Loss: 4.9884
2024/04/25 11:24:28 - __main__ - INFO - 108 - trainer - [3386/8464] Loss: 4.6389
2024/04/25 11:27:55 - __main__ - INFO - 108 - trainer - [5079/8464] Loss: 4.9674
2024/04/25 11:32:05 - __main__ - INFO - 108 - trainer - [6772/8464] Loss: 4.8085
2024/04/25 11:35:51 - __main__ - INFO - 92 - trainer - Epoch: 12
2024/04/25 11:35:51 - __main__ - INFO - 108 - trainer - [0/8464] Loss: 4.7396
2024/04/25 11:39:14 - __main__ - INFO - 108 - trainer - [1693/8464] Loss: 4.8433
2024/04/25 11:42:40 - __main__ - INFO - 108 - trainer - [3386/8464] Loss: 4.7770
2024/04/25 11:46:52 - __main__ - INFO - 108 - trainer - [5079/8464] Loss: 4.6116
2024/04/25 11:50:33 - __main__ - INFO - 108 - trainer - [6772/8464] Loss: 4.9386
2024/04/25 11:54:00 - __main__ - INFO - 92 - trainer - Epoch: 13
2024/04/25 11:54:00 - __main__ - INFO - 108 - trainer - [0/8464] Loss: 4.9600
2024/04/25 11:57:57 - __main__ - INFO - 108 - trainer - [1693/8464] Loss: 4.7411
2024/04/25 12:01:44 - __main__ - INFO - 108 - trainer - [3386/8464] Loss: 4.7026
2024/04/25 12:05:26 - __main__ - INFO - 108 - trainer - [5079/8464] Loss: 4.5023
2024/04/25 12:08:58 - __main__ - INFO - 108 - trainer - [6772/8464] Loss: 5.0109
2024/04/25 12:12:33 - __main__ - INFO - 92 - trainer - Epoch: 14
2024/04/25 12:12:34 - __main__ - INFO - 108 - trainer - [0/8464] Loss: 4.6903
2024/04/25 12:16:23 - __main__ - INFO - 108 - trainer - [1693/8464] Loss: 4.7031
2024/04/25 12:19:47 - __main__ - INFO - 108 - trainer - [3386/8464] Loss: 4.3316
2024/04/25 12:23:34 - __main__ - INFO - 108 - trainer - [5079/8464] Loss: 4.0960
2024/04/25 12:27:39 - __main__ - INFO - 108 - trainer - [6772/8464] Loss: 3.7538
2024/04/25 12:31:14 - __main__ - INFO - 92 - trainer - Epoch: 15
2024/04/25 12:31:14 - __main__ - INFO - 108 - trainer - [0/8464] Loss: 3.8630
2024/04/25 12:34:48 - __main__ - INFO - 108 - trainer - [1693/8464] Loss: 3.6747
2024/04/25 12:38:39 - __main__ - INFO - 108 - trainer - [3386/8464] Loss: 3.6527
2024/04/25 12:42:47 - __main__ - INFO - 108 - trainer - [5079/8464] Loss: 3.3185
2024/04/25 12:46:35 - __main__ - INFO - 108 - trainer - [6772/8464] Loss: 3.3955
2024/04/25 12:50:03 - __main__ - INFO - 92 - trainer - Epoch: 16
2024/04/25 12:50:03 - __main__ - INFO - 108 - trainer - [0/8464] Loss: 3.2846
2024/04/25 12:54:20 - __main__ - INFO - 108 - trainer - [1693/8464] Loss: 3.0827
2024/04/25 12:57:47 - __main__ - INFO - 108 - trainer - [3386/8464] Loss: 2.9617
2024/04/25 13:01:34 - __main__ - INFO - 108 - trainer - [5079/8464] Loss: 2.6640
2024/04/25 13:05:02 - __main__ - INFO - 108 - trainer - [6772/8464] Loss: 2.3892
2024/04/25 13:08:45 - __main__ - INFO - 92 - trainer - Epoch: 17
2024/04/25 13:08:45 - __main__ - INFO - 108 - trainer - [0/8464] Loss: 2.3891
2024/04/25 13:12:29 - __main__ - INFO - 108 - trainer - [1693/8464] Loss: 1.9821
2024/04/25 13:16:10 - __main__ - INFO - 108 - trainer - [3386/8464] Loss: 1.7995
2024/04/25 13:20:09 - __main__ - INFO - 108 - trainer - [5079/8464] Loss: 1.4735
2024/04/25 13:23:59 - __main__ - INFO - 108 - trainer - [6772/8464] Loss: 1.3009
2024/04/25 13:27:28 - __main__ - INFO - 92 - trainer - Epoch: 18
2024/04/25 13:27:28 - __main__ - INFO - 108 - trainer - [0/8464] Loss: 1.2474
2024/04/25 13:31:06 - __main__ - INFO - 108 - trainer - [1693/8464] Loss: 0.9889
2024/04/25 13:34:41 - __main__ - INFO - 108 - trainer - [3386/8464] Loss: 0.8927
2024/04/25 13:38:51 - __main__ - INFO - 108 - trainer - [5079/8464] Loss: 0.9385
2024/04/25 13:42:14 - __main__ - INFO - 108 - trainer - [6772/8464] Loss: 0.6431
2024/04/25 13:45:41 - __main__ - INFO - 92 - trainer - Epoch: 19
2024/04/25 13:45:41 - __main__ - INFO - 108 - trainer - [0/8464] Loss: 0.5346
2024/04/25 13:49:36 - __main__ - INFO - 108 - trainer - [1693/8464] Loss: 0.5392
2024/04/25 13:53:15 - __main__ - INFO - 108 - trainer - [3386/8464] Loss: 0.4798
2024/04/25 13:56:32 - __main__ - INFO - 108 - trainer - [5079/8464] Loss: 0.4009
2024/04/25 14:00:08 - __main__ - INFO - 108 - trainer - [6772/8464] Loss: 0.2510
2024/04/25 14:03:35 - __main__ - INFO - 92 - trainer - Epoch: 20
2024/04/25 14:03:36 - __main__ - INFO - 108 - trainer - [0/8464] Loss: 0.3619
2024/04/25 14:07:49 - __main__ - INFO - 108 - trainer - [1693/8464] Loss: 0.2616
2024/04/25 14:11:25 - __main__ - INFO - 108 - trainer - [3386/8464] Loss: 0.3272
2024/04/25 14:15:28 - __main__ - INFO - 108 - trainer - [5079/8464] Loss: 0.2132
2024/04/25 14:19:07 - __main__ - INFO - 108 - trainer - [6772/8464] Loss: 0.3362
2024/04/25 14:22:55 - __main__ - INFO - 114 - trainer - start predicting: 2024-04-25 14:22:55.183420
2024/04/25 14:32:56 - __main__ - INFO - 141 - trainer - {'Best_HR@5': 0.0973, 'Best_NDCG@5': 0.0562, 'Best_HR@10': 0.1808, 'Best_NDCG@10': 0.0828, 'Best_HR@20': 0.3494, 'Best_NDCG@20': 0.1252}
2024/04/25 14:32:56 - __main__ - INFO - 142 - trainer - {'Best_epoch_HR@5': 20, 'Best_epoch_NDCG@5': 20, 'Best_epoch_HR@10': 20, 'Best_epoch_NDCG@10': 20, 'Best_epoch_HR@20': 20, 'Best_epoch_NDCG@20': 20}
2024/04/25 14:32:56 - __main__ - INFO - 92 - trainer - Epoch: 21
2024/04/25 14:32:56 - __main__ - INFO - 108 - trainer - [0/8464] Loss: 0.2882
2024/04/25 14:36:11 - __main__ - INFO - 108 - trainer - [1693/8464] Loss: 0.1623
2024/04/25 14:39:46 - __main__ - INFO - 108 - trainer - [3386/8464] Loss: 0.1870
2024/04/25 14:43:46 - __main__ - INFO - 108 - trainer - [5079/8464] Loss: 0.1479
2024/04/25 14:47:20 - __main__ - INFO - 108 - trainer - [6772/8464] Loss: 0.1527
2024/04/25 14:51:31 - __main__ - INFO - 92 - trainer - Epoch: 22
2024/04/25 14:51:32 - __main__ - INFO - 108 - trainer - [0/8464] Loss: 0.1252
2024/04/25 14:54:59 - __main__ - INFO - 108 - trainer - [1693/8464] Loss: 0.1355
2024/04/25 14:58:31 - __main__ - INFO - 108 - trainer - [3386/8464] Loss: 0.2227
2024/04/25 15:02:11 - __main__ - INFO - 108 - trainer - [5079/8464] Loss: 0.1001
2024/04/25 15:05:54 - __main__ - INFO - 108 - trainer - [6772/8464] Loss: 0.1501
2024/04/25 15:09:43 - __main__ - INFO - 92 - trainer - Epoch: 23
2024/04/25 15:09:44 - __main__ - INFO - 108 - trainer - [0/8464] Loss: 0.0920
2024/04/25 15:13:11 - __main__ - INFO - 108 - trainer - [1693/8464] Loss: 0.1564
2024/04/25 15:16:54 - __main__ - INFO - 108 - trainer - [3386/8464] Loss: 0.0721
2024/04/25 15:21:04 - __main__ - INFO - 108 - trainer - [5079/8464] Loss: 0.1174
2024/04/25 15:24:30 - __main__ - INFO - 108 - trainer - [6772/8464] Loss: 0.1000
2024/04/25 15:27:54 - __main__ - INFO - 92 - trainer - Epoch: 24
2024/04/25 15:27:54 - __main__ - INFO - 108 - trainer - [0/8464] Loss: 0.1062
2024/04/25 15:31:42 - __main__ - INFO - 108 - trainer - [1693/8464] Loss: 0.0965
2024/04/25 15:35:25 - __main__ - INFO - 108 - trainer - [3386/8464] Loss: 0.0572
2024/04/25 15:39:22 - __main__ - INFO - 108 - trainer - [5079/8464] Loss: 0.0653
2024/04/25 15:42:47 - __main__ - INFO - 108 - trainer - [6772/8464] Loss: 0.0636
2024/04/25 15:46:59 - __main__ - INFO - 92 - trainer - Epoch: 25
2024/04/25 15:47:00 - __main__ - INFO - 108 - trainer - [0/8464] Loss: 0.1425
2024/04/25 15:50:46 - __main__ - INFO - 108 - trainer - [1693/8464] Loss: 0.1123
2024/04/25 15:54:12 - __main__ - INFO - 108 - trainer - [3386/8464] Loss: 0.0434
2024/04/25 15:57:40 - __main__ - INFO - 108 - trainer - [5079/8464] Loss: 0.0531
2024/04/25 16:01:22 - __main__ - INFO - 108 - trainer - [6772/8464] Loss: 0.0617
2024/04/25 16:05:34 - __main__ - INFO - 92 - trainer - Epoch: 26
2024/04/25 16:05:34 - __main__ - INFO - 108 - trainer - [0/8464] Loss: 0.0495
2024/04/25 16:09:01 - __main__ - INFO - 108 - trainer - [1693/8464] Loss: 0.0452
2024/04/25 16:12:24 - __main__ - INFO - 108 - trainer - [3386/8464] Loss: 0.1205
2024/04/25 16:16:38 - __main__ - INFO - 108 - trainer - [5079/8464] Loss: 0.0323
2024/04/25 16:20:20 - __main__ - INFO - 108 - trainer - [6772/8464] Loss: 0.0512
2024/04/25 16:23:45 - __main__ - INFO - 92 - trainer - Epoch: 27
2024/04/25 16:23:45 - __main__ - INFO - 108 - trainer - [0/8464] Loss: 0.0302
2024/04/25 16:27:14 - __main__ - INFO - 108 - trainer - [1693/8464] Loss: 0.0656
2024/04/25 16:31:00 - __main__ - INFO - 108 - trainer - [3386/8464] Loss: 0.0238
2024/04/25 16:35:08 - __main__ - INFO - 108 - trainer - [5079/8464] Loss: 0.0211
2024/04/25 16:38:42 - __main__ - INFO - 108 - trainer - [6772/8464] Loss: 0.0636
2024/04/25 16:42:39 - __main__ - INFO - 92 - trainer - Epoch: 28
2024/04/25 16:42:39 - __main__ - INFO - 108 - trainer - [0/8464] Loss: 0.0723
2024/04/25 16:46:25 - __main__ - INFO - 108 - trainer - [1693/8464] Loss: 0.0457
2024/04/25 16:49:56 - __main__ - INFO - 108 - trainer - [3386/8464] Loss: 0.0301
2024/04/25 16:53:37 - __main__ - INFO - 108 - trainer - [5079/8464] Loss: 0.0521
2024/04/25 16:57:03 - __main__ - INFO - 108 - trainer - [6772/8464] Loss: 0.0223
2024/04/25 17:01:08 - __main__ - INFO - 92 - trainer - Epoch: 29
2024/04/25 17:01:08 - __main__ - INFO - 108 - trainer - [0/8464] Loss: 0.0639
2024/04/25 17:04:42 - __main__ - INFO - 108 - trainer - [1693/8464] Loss: 0.0225
2024/04/25 17:08:22 - __main__ - INFO - 108 - trainer - [3386/8464] Loss: 0.0305
2024/04/25 17:12:18 - __main__ - INFO - 108 - trainer - [5079/8464] Loss: 0.0230
2024/04/25 17:16:01 - __main__ - INFO - 108 - trainer - [6772/8464] Loss: 0.0383
2024/04/25 17:19:22 - __main__ - INFO - 92 - trainer - Epoch: 30
2024/04/25 17:19:22 - __main__ - INFO - 108 - trainer - [0/8464] Loss: 0.0137
2024/04/25 17:23:07 - __main__ - INFO - 108 - trainer - [1693/8464] Loss: 0.0481
2024/04/25 17:26:56 - __main__ - INFO - 108 - trainer - [3386/8464] Loss: 0.0282
2024/04/25 17:30:40 - __main__ - INFO - 108 - trainer - [5079/8464] Loss: 0.0213
2024/04/25 17:34:03 - __main__ - INFO - 108 - trainer - [6772/8464] Loss: 0.0678
2024/04/25 17:38:15 - __main__ - INFO - 92 - trainer - Epoch: 31
2024/04/25 17:38:16 - __main__ - INFO - 108 - trainer - [0/8464] Loss: 0.0078
2024/04/25 17:41:40 - __main__ - INFO - 108 - trainer - [1693/8464] Loss: 0.0469
2024/04/25 17:45:23 - __main__ - INFO - 108 - trainer - [3386/8464] Loss: 0.0553
2024/04/25 17:48:47 - __main__ - INFO - 108 - trainer - [5079/8464] Loss: 0.0543
2024/04/25 17:52:30 - __main__ - INFO - 108 - trainer - [6772/8464] Loss: 0.0325
2024/04/25 17:56:23 - __main__ - INFO - 92 - trainer - Epoch: 32
2024/04/25 17:56:24 - __main__ - INFO - 108 - trainer - [0/8464] Loss: 0.0032
2024/04/25 18:00:08 - __main__ - INFO - 108 - trainer - [1693/8464] Loss: 0.0359
2024/04/25 18:03:31 - __main__ - INFO - 108 - trainer - [3386/8464] Loss: 0.0364
2024/04/25 18:07:35 - __main__ - INFO - 108 - trainer - [5079/8464] Loss: 0.0790
2024/04/25 18:10:56 - __main__ - INFO - 108 - trainer - [6772/8464] Loss: 0.0132
2024/04/25 18:14:34 - __main__ - INFO - 92 - trainer - Epoch: 33
2024/04/25 18:14:34 - __main__ - INFO - 108 - trainer - [0/8464] Loss: 0.0148
2024/04/25 18:17:53 - __main__ - INFO - 108 - trainer - [1693/8464] Loss: 0.0284
2024/04/25 18:21:59 - __main__ - INFO - 108 - trainer - [3386/8464] Loss: 0.0411
2024/04/25 18:25:25 - __main__ - INFO - 108 - trainer - [5079/8464] Loss: 0.0099
2024/04/25 18:29:10 - __main__ - INFO - 108 - trainer - [6772/8464] Loss: 0.0185
2024/04/25 18:33:00 - __main__ - INFO - 92 - trainer - Epoch: 34
2024/04/25 18:33:01 - __main__ - INFO - 108 - trainer - [0/8464] Loss: 0.0139
2024/04/25 18:36:41 - __main__ - INFO - 108 - trainer - [1693/8464] Loss: 0.0422
2024/04/25 18:40:11 - __main__ - INFO - 108 - trainer - [3386/8464] Loss: 0.0025
2024/04/25 18:43:49 - __main__ - INFO - 108 - trainer - [5079/8464] Loss: 0.0234
2024/04/25 18:47:06 - __main__ - INFO - 108 - trainer - [6772/8464] Loss: 0.0586
2024/04/25 18:51:04 - __main__ - INFO - 92 - trainer - Epoch: 35
2024/04/25 18:51:04 - __main__ - INFO - 108 - trainer - [0/8464] Loss: 0.0187
2024/04/25 18:54:22 - __main__ - INFO - 108 - trainer - [1693/8464] Loss: 0.0156
2024/04/25 18:58:26 - __main__ - INFO - 108 - trainer - [3386/8464] Loss: 0.0211
2024/04/25 19:01:48 - __main__ - INFO - 108 - trainer - [5079/8464] Loss: 0.0172
2024/04/25 19:05:31 - __main__ - INFO - 108 - trainer - [6772/8464] Loss: 0.0117
2024/04/25 19:08:54 - __main__ - INFO - 92 - trainer - Epoch: 36
2024/04/25 19:08:54 - __main__ - INFO - 108 - trainer - [0/8464] Loss: 0.0059
2024/04/25 19:12:37 - __main__ - INFO - 108 - trainer - [1693/8464] Loss: 0.0015
2024/04/25 19:16:42 - __main__ - INFO - 108 - trainer - [3386/8464] Loss: 0.0041
2024/04/25 19:20:21 - __main__ - INFO - 108 - trainer - [5079/8464] Loss: 0.0275
2024/04/25 19:23:41 - __main__ - INFO - 108 - trainer - [6772/8464] Loss: 0.0748
2024/04/25 19:27:41 - __main__ - INFO - 92 - trainer - Epoch: 37
2024/04/25 19:27:41 - __main__ - INFO - 108 - trainer - [0/8464] Loss: 0.0274
2024/04/25 19:31:16 - __main__ - INFO - 108 - trainer - [1693/8464] Loss: 0.0390
2024/04/25 19:34:51 - __main__ - INFO - 108 - trainer - [3386/8464] Loss: 0.0332
2024/04/25 19:38:23 - __main__ - INFO - 108 - trainer - [5079/8464] Loss: 0.0195
2024/04/25 19:42:04 - __main__ - INFO - 108 - trainer - [6772/8464] Loss: 0.0123
2024/04/25 19:46:00 - __main__ - INFO - 92 - trainer - Epoch: 38
2024/04/25 19:46:01 - __main__ - INFO - 108 - trainer - [0/8464] Loss: 0.0125
2024/04/25 19:49:29 - __main__ - INFO - 108 - trainer - [1693/8464] Loss: 0.0043
2024/04/25 19:53:33 - __main__ - INFO - 108 - trainer - [3386/8464] Loss: 0.0121
2024/04/25 19:57:14 - __main__ - INFO - 108 - trainer - [5079/8464] Loss: 0.0272
2024/04/25 20:00:39 - __main__ - INFO - 108 - trainer - [6772/8464] Loss: 0.0224
2024/04/25 20:04:03 - __main__ - INFO - 92 - trainer - Epoch: 39
2024/04/25 20:04:04 - __main__ - INFO - 108 - trainer - [0/8464] Loss: 0.0102
2024/04/25 20:07:46 - __main__ - INFO - 108 - trainer - [1693/8464] Loss: 0.0223
2024/04/25 20:12:00 - __main__ - INFO - 108 - trainer - [3386/8464] Loss: 0.0344
2024/04/25 20:15:24 - __main__ - INFO - 108 - trainer - [5079/8464] Loss: 0.0070
2024/04/25 20:18:45 - __main__ - INFO - 108 - trainer - [6772/8464] Loss: 0.0313
2024/04/25 20:22:57 - __main__ - INFO - 92 - trainer - Epoch: 40
2024/04/25 20:22:58 - __main__ - INFO - 108 - trainer - [0/8464] Loss: 0.0428
2024/04/25 20:26:37 - __main__ - INFO - 108 - trainer - [1693/8464] Loss: 0.0364
2024/04/25 20:29:59 - __main__ - INFO - 108 - trainer - [3386/8464] Loss: 0.0125
2024/04/25 20:33:25 - __main__ - INFO - 108 - trainer - [5079/8464] Loss: 0.0187
2024/04/25 20:37:26 - __main__ - INFO - 108 - trainer - [6772/8464] Loss: 0.0184
2024/04/25 20:41:04 - __main__ - INFO - 114 - trainer - start predicting: 2024-04-25 20:41:04.747157
2024/04/25 20:49:45 - __main__ - INFO - 92 - trainer - Epoch: 41
2024/04/25 20:49:45 - __main__ - INFO - 108 - trainer - [0/8464] Loss: 0.0093
2024/04/25 20:53:15 - __main__ - INFO - 108 - trainer - [1693/8464] Loss: 0.0029
2024/04/25 20:56:25 - __main__ - INFO - 108 - trainer - [3386/8464] Loss: 0.0287
2024/04/25 21:00:23 - __main__ - INFO - 108 - trainer - [5079/8464] Loss: 0.0324
2024/04/25 21:03:36 - __main__ - INFO - 108 - trainer - [6772/8464] Loss: 0.0684
2024/04/25 21:07:09 - __main__ - INFO - 92 - trainer - Epoch: 42
2024/04/25 21:07:10 - __main__ - INFO - 108 - trainer - [0/8464] Loss: 0.0169
2024/04/25 21:10:40 - __main__ - INFO - 108 - trainer - [1693/8464] Loss: 0.0342
2024/04/25 21:14:13 - __main__ - INFO - 108 - trainer - [3386/8464] Loss: 0.0454
2024/04/25 21:17:21 - __main__ - INFO - 108 - trainer - [5079/8464] Loss: 0.0156
2024/04/25 21:20:56 - __main__ - INFO - 108 - trainer - [6772/8464] Loss: 0.0051
2024/04/25 21:24:37 - __main__ - INFO - 92 - trainer - Epoch: 43
2024/04/25 21:24:37 - __main__ - INFO - 108 - trainer - [0/8464] Loss: 0.0182
2024/04/25 21:28:09 - __main__ - INFO - 108 - trainer - [1693/8464] Loss: 0.0065
2024/04/25 21:31:15 - __main__ - INFO - 108 - trainer - [3386/8464] Loss: 0.0117
2024/04/25 21:35:12 - __main__ - INFO - 108 - trainer - [5079/8464] Loss: 0.0232
2024/04/25 21:38:31 - __main__ - INFO - 108 - trainer - [6772/8464] Loss: 0.0312
2024/04/25 21:41:56 - __main__ - INFO - 92 - trainer - Epoch: 44
2024/04/25 21:41:57 - __main__ - INFO - 108 - trainer - [0/8464] Loss: 0.0140
2024/04/25 21:45:10 - __main__ - INFO - 108 - trainer - [1693/8464] Loss: 0.0091
2024/04/25 21:48:37 - __main__ - INFO - 108 - trainer - [3386/8464] Loss: 0.0138
2024/04/25 21:52:26 - __main__ - INFO - 108 - trainer - [5079/8464] Loss: 0.0049
2024/04/25 21:55:56 - __main__ - INFO - 108 - trainer - [6772/8464] Loss: 0.0281
2024/04/25 21:59:42 - __main__ - INFO - 92 - trainer - Epoch: 45
2024/04/25 21:59:42 - __main__ - INFO - 108 - trainer - [0/8464] Loss: 0.0009
2024/04/25 22:03:16 - __main__ - INFO - 108 - trainer - [1693/8464] Loss: 0.0210
2024/04/25 22:06:34 - __main__ - INFO - 108 - trainer - [3386/8464] Loss: 0.0082
2024/04/25 22:10:12 - __main__ - INFO - 108 - trainer - [5079/8464] Loss: 0.0002
2024/04/25 22:13:28 - __main__ - INFO - 108 - trainer - [6772/8464] Loss: 0.0063
2024/04/25 22:17:31 - __main__ - INFO - 92 - trainer - Epoch: 46
2024/04/25 22:17:31 - __main__ - INFO - 108 - trainer - [0/8464] Loss: 0.0362
2024/04/25 22:20:49 - __main__ - INFO - 108 - trainer - [1693/8464] Loss: 0.0071
2024/04/25 22:24:20 - __main__ - INFO - 108 - trainer - [3386/8464] Loss: 0.0266
2024/04/25 22:28:11 - __main__ - INFO - 108 - trainer - [5079/8464] Loss: 0.0009
2024/04/25 22:31:48 - __main__ - INFO - 108 - trainer - [6772/8464] Loss: 0.0134
2024/04/25 22:35:06 - __main__ - INFO - 92 - trainer - Epoch: 47
2024/04/25 22:35:06 - __main__ - INFO - 108 - trainer - [0/8464] Loss: 0.0143
2024/04/25 22:38:32 - __main__ - INFO - 108 - trainer - [1693/8464] Loss: 0.0026
2024/04/25 22:42:07 - __main__ - INFO - 108 - trainer - [3386/8464] Loss: 0.0214
2024/04/25 22:46:16 - __main__ - INFO - 108 - trainer - [5079/8464] Loss: 0.0080
2024/04/25 22:49:29 - __main__ - INFO - 108 - trainer - [6772/8464] Loss: 0.0397
2024/04/25 22:53:14 - __main__ - INFO - 92 - trainer - Epoch: 48
2024/04/25 22:53:14 - __main__ - INFO - 108 - trainer - [0/8464] Loss: 0.0113
2024/04/25 22:56:51 - __main__ - INFO - 108 - trainer - [1693/8464] Loss: 0.0023
2024/04/25 23:00:28 - __main__ - INFO - 108 - trainer - [3386/8464] Loss: 0.0373
2024/04/25 23:03:46 - __main__ - INFO - 108 - trainer - [5079/8464] Loss: 0.0365
2024/04/25 23:06:56 - __main__ - INFO - 108 - trainer - [6772/8464] Loss: 0.0394
2024/04/25 23:10:53 - __main__ - INFO - 92 - trainer - Epoch: 49
2024/04/25 23:10:53 - __main__ - INFO - 108 - trainer - [0/8464] Loss: 0.0306
2024/04/25 23:14:29 - __main__ - INFO - 108 - trainer - [1693/8464] Loss: 0.0276
2024/04/25 23:17:44 - __main__ - INFO - 108 - trainer - [3386/8464] Loss: 0.0219
2024/04/25 23:21:20 - __main__ - INFO - 108 - trainer - [5079/8464] Loss: 0.0025
2024/04/25 23:24:53 - __main__ - INFO - 108 - trainer - [6772/8464] Loss: 0.0061
2024/04/25 23:28:27 - __main__ - INFO - 92 - trainer - Epoch: 50
2024/04/25 23:28:28 - __main__ - INFO - 108 - trainer - [0/8464] Loss: 0.0268
2024/04/25 23:31:31 - __main__ - INFO - 108 - trainer - [1693/8464] Loss: 0.0265
2024/04/25 23:35:22 - __main__ - INFO - 108 - trainer - [3386/8464] Loss: 0.0070
2024/04/25 23:38:52 - __main__ - INFO - 108 - trainer - [5079/8464] Loss: 0.0027
2024/04/25 23:42:17 - __main__ - INFO - 108 - trainer - [6772/8464] Loss: 0.0006
2024/04/25 23:45:49 - __main__ - INFO - 92 - trainer - Epoch: 51
2024/04/25 23:45:49 - __main__ - INFO - 108 - trainer - [0/8464] Loss: 0.0269
2024/04/25 23:48:58 - __main__ - INFO - 108 - trainer - [1693/8464] Loss: 0.0072
2024/04/25 23:52:24 - __main__ - INFO - 108 - trainer - [3386/8464] Loss: 0.0008
2024/04/25 23:55:49 - __main__ - INFO - 108 - trainer - [5079/8464] Loss: 0.0043
2024/04/25 23:58:56 - __main__ - INFO - 108 - trainer - [6772/8464] Loss: 0.0003
2024/04/26 00:02:22 - __main__ - INFO - 92 - trainer - Epoch: 52
2024/04/26 00:02:22 - __main__ - INFO - 108 - trainer - [0/8464] Loss: 0.0124
2024/04/26 00:05:32 - __main__ - INFO - 108 - trainer - [1693/8464] Loss: 0.0094
2024/04/26 00:08:43 - __main__ - INFO - 108 - trainer - [3386/8464] Loss: 0.0055
2024/04/26 00:12:19 - __main__ - INFO - 108 - trainer - [5079/8464] Loss: 0.0035
2024/04/26 00:15:27 - __main__ - INFO - 108 - trainer - [6772/8464] Loss: 0.0068
2024/04/26 00:18:53 - __main__ - INFO - 92 - trainer - Epoch: 53
2024/04/26 00:18:54 - __main__ - INFO - 108 - trainer - [0/8464] Loss: 0.0031
2024/04/26 00:22:20 - __main__ - INFO - 108 - trainer - [1693/8464] Loss: 0.0033
2024/04/26 00:25:52 - __main__ - INFO - 108 - trainer - [3386/8464] Loss: 0.0154
2024/04/26 00:29:00 - __main__ - INFO - 108 - trainer - [5079/8464] Loss: 0.0209
2024/04/26 00:32:24 - __main__ - INFO - 108 - trainer - [6772/8464] Loss: 0.0287
2024/04/26 00:36:05 - __main__ - INFO - 92 - trainer - Epoch: 54
2024/04/26 00:36:06 - __main__ - INFO - 108 - trainer - [0/8464] Loss: 0.0121
2024/04/26 00:41:52 - __main__ - INFO - 108 - trainer - [1693/8464] Loss: 0.0133
2024/04/26 00:49:13 - __main__ - INFO - 108 - trainer - [3386/8464] Loss: 0.0440
2024/04/26 00:56:30 - __main__ - INFO - 108 - trainer - [5079/8464] Loss: 0.0117
2024/04/26 01:03:41 - __main__ - INFO - 108 - trainer - [6772/8464] Loss: 0.0125
2024/04/26 01:11:30 - __main__ - INFO - 92 - trainer - Epoch: 55
2024/04/26 01:11:31 - __main__ - INFO - 108 - trainer - [0/8464] Loss: 0.0280
2024/04/26 01:17:03 - __main__ - INFO - 108 - trainer - [1693/8464] Loss: 0.0103
2024/04/26 01:20:54 - __main__ - INFO - 108 - trainer - [3386/8464] Loss: 0.0006
2024/04/26 01:24:04 - __main__ - INFO - 108 - trainer - [5079/8464] Loss: 0.0198
2024/04/26 01:27:20 - __main__ - INFO - 108 - trainer - [6772/8464] Loss: 0.0096
2024/04/26 01:30:39 - __main__ - INFO - 92 - trainer - Epoch: 56
2024/04/26 01:30:39 - __main__ - INFO - 108 - trainer - [0/8464] Loss: 0.0313
2024/04/26 01:34:08 - __main__ - INFO - 108 - trainer - [1693/8464] Loss: 0.0104
2024/04/26 01:37:36 - __main__ - INFO - 108 - trainer - [3386/8464] Loss: 0.0299
2024/04/26 01:40:51 - __main__ - INFO - 108 - trainer - [5079/8464] Loss: 0.0093
2024/04/26 01:44:11 - __main__ - INFO - 108 - trainer - [6772/8464] Loss: 0.0058
2024/04/26 01:47:59 - __main__ - INFO - 92 - trainer - Epoch: 57
2024/04/26 01:47:59 - __main__ - INFO - 108 - trainer - [0/8464] Loss: 0.0017
2024/04/26 01:51:09 - __main__ - INFO - 108 - trainer - [1693/8464] Loss: 0.0198
2024/04/26 01:54:25 - __main__ - INFO - 108 - trainer - [3386/8464] Loss: 0.0123
2024/04/26 01:57:46 - __main__ - INFO - 108 - trainer - [5079/8464] Loss: 0.0007
2024/04/26 02:01:21 - __main__ - INFO - 108 - trainer - [6772/8464] Loss: 0.0152
2024/04/26 02:04:59 - __main__ - INFO - 92 - trainer - Epoch: 58
2024/04/26 02:04:59 - __main__ - INFO - 108 - trainer - [0/8464] Loss: 0.0010
2024/04/26 02:08:22 - __main__ - INFO - 108 - trainer - [1693/8464] Loss: 0.0071
2024/04/26 02:12:24 - __main__ - INFO - 108 - trainer - [3386/8464] Loss: 0.0071
2024/04/26 02:16:07 - __main__ - INFO - 108 - trainer - [5079/8464] Loss: 0.0028
2024/04/26 02:19:23 - __main__ - INFO - 108 - trainer - [6772/8464] Loss: 0.0173
2024/04/26 02:22:56 - __main__ - INFO - 92 - trainer - Epoch: 59
2024/04/26 02:22:56 - __main__ - INFO - 108 - trainer - [0/8464] Loss: 0.0010
2024/04/26 02:26:19 - __main__ - INFO - 108 - trainer - [1693/8464] Loss: 0.0078
2024/04/26 02:30:16 - __main__ - INFO - 108 - trainer - [3386/8464] Loss: 0.0136
2024/04/26 02:33:32 - __main__ - INFO - 108 - trainer - [5079/8464] Loss: 0.0530
2024/04/26 02:36:59 - __main__ - INFO - 108 - trainer - [6772/8464] Loss: 0.0425
2024/04/26 02:41:12 - __main__ - INFO - 92 - trainer - Epoch: 60
2024/04/26 02:41:13 - __main__ - INFO - 108 - trainer - [0/8464] Loss: 0.0058
2024/04/26 02:45:59 - __main__ - INFO - 108 - trainer - [1693/8464] Loss: 0.0172
2024/04/26 02:50:36 - __main__ - INFO - 108 - trainer - [3386/8464] Loss: 0.0076
2024/04/26 02:54:59 - __main__ - INFO - 108 - trainer - [5079/8464] Loss: 0.0058
2024/04/26 02:58:54 - __main__ - INFO - 108 - trainer - [6772/8464] Loss: 0.0028
2024/04/26 03:02:51 - __main__ - INFO - 114 - trainer - start predicting: 2024-04-26 03:02:51.220647
2024/04/26 03:39:06 - __main__ - INFO - 141 - trainer - {'Best_HR@5': 0.4627, 'Best_NDCG@5': 0.2998, 'Best_HR@10': 0.4826, 'Best_NDCG@10': 0.3061, 'Best_HR@20': 0.5075, 'Best_NDCG@20': 0.3123}
2024/04/26 03:39:06 - __main__ - INFO - 142 - trainer - {'Best_epoch_HR@5': 60, 'Best_epoch_NDCG@5': 60, 'Best_epoch_HR@10': 60, 'Best_epoch_NDCG@10': 60, 'Best_epoch_HR@20': 60, 'Best_epoch_NDCG@20': 60}
2024/04/26 03:39:06 - __main__ - INFO - 92 - trainer - Epoch: 61
2024/04/26 03:39:08 - __main__ - INFO - 108 - trainer - [0/8464] Loss: 0.0025
2024/04/26 03:44:44 - __main__ - INFO - 108 - trainer - [1693/8464] Loss: 0.0152
2024/04/26 03:49:36 - __main__ - INFO - 108 - trainer - [3386/8464] Loss: 0.0057
2024/04/26 03:55:32 - __main__ - INFO - 108 - trainer - [5079/8464] Loss: 0.0091
2024/04/26 04:00:00 - __main__ - INFO - 108 - trainer - [6772/8464] Loss: 0.0063
2024/04/26 04:04:23 - __main__ - INFO - 92 - trainer - Epoch: 62
2024/04/26 04:04:23 - __main__ - INFO - 108 - trainer - [0/8464] Loss: 0.0043
2024/04/26 04:09:42 - __main__ - INFO - 108 - trainer - [1693/8464] Loss: 0.0045
2024/04/26 04:14:51 - __main__ - INFO - 108 - trainer - [3386/8464] Loss: 0.0149
2024/04/26 04:19:53 - __main__ - INFO - 108 - trainer - [5079/8464] Loss: 0.0089
2024/04/26 04:24:23 - __main__ - INFO - 108 - trainer - [6772/8464] Loss: 0.0478
2024/04/26 04:28:27 - __main__ - INFO - 92 - trainer - Epoch: 63
2024/04/26 04:28:27 - __main__ - INFO - 108 - trainer - [0/8464] Loss: 0.0117
2024/04/26 04:31:07 - __main__ - INFO - 108 - trainer - [1693/8464] Loss: 0.0096
2024/04/26 04:34:42 - __main__ - INFO - 108 - trainer - [3386/8464] Loss: 0.0290
2024/04/26 04:39:05 - __main__ - INFO - 108 - trainer - [5079/8464] Loss: 0.0022
2024/04/26 04:42:58 - __main__ - INFO - 108 - trainer - [6772/8464] Loss: 0.0136
2024/04/26 04:46:43 - __main__ - INFO - 92 - trainer - Epoch: 64
2024/04/26 04:46:43 - __main__ - INFO - 108 - trainer - [0/8464] Loss: 0.0016
2024/04/26 04:50:21 - __main__ - INFO - 108 - trainer - [1693/8464] Loss: 0.0158
2024/04/26 04:54:33 - __main__ - INFO - 108 - trainer - [3386/8464] Loss: 0.0093
2024/04/26 04:59:12 - __main__ - INFO - 108 - trainer - [5079/8464] Loss: 0.0019
2024/04/26 05:03:07 - __main__ - INFO - 108 - trainer - [6772/8464] Loss: 0.0052
2024/04/26 05:07:23 - __main__ - INFO - 92 - trainer - Epoch: 65
2024/04/26 05:07:24 - __main__ - INFO - 108 - trainer - [0/8464] Loss: 0.0046
2024/04/26 05:12:13 - __main__ - INFO - 108 - trainer - [1693/8464] Loss: 0.0080
2024/04/26 05:16:49 - __main__ - INFO - 108 - trainer - [3386/8464] Loss: 0.0304
2024/04/26 05:21:32 - __main__ - INFO - 108 - trainer - [5079/8464] Loss: 0.0077
2024/04/26 05:26:04 - __main__ - INFO - 108 - trainer - [6772/8464] Loss: 0.0064
2024/04/26 05:31:10 - __main__ - INFO - 92 - trainer - Epoch: 66
2024/04/26 05:31:10 - __main__ - INFO - 108 - trainer - [0/8464] Loss: 0.0229
2024/04/26 05:35:55 - __main__ - INFO - 108 - trainer - [1693/8464] Loss: 0.0038
2024/04/26 05:40:39 - __main__ - INFO - 108 - trainer - [3386/8464] Loss: 0.0003
2024/04/26 05:45:34 - __main__ - INFO - 108 - trainer - [5079/8464] Loss: 0.0093
2024/04/26 05:50:10 - __main__ - INFO - 108 - trainer - [6772/8464] Loss: 0.0403
2024/04/26 05:54:56 - __main__ - INFO - 92 - trainer - Epoch: 67
2024/04/26 05:54:56 - __main__ - INFO - 108 - trainer - [0/8464] Loss: 0.0028
2024/04/26 05:59:39 - __main__ - INFO - 108 - trainer - [1693/8464] Loss: 0.0154
2024/04/26 06:04:09 - __main__ - INFO - 108 - trainer - [3386/8464] Loss: 0.0147
2024/04/26 06:09:12 - __main__ - INFO - 108 - trainer - [5079/8464] Loss: 0.0039
2024/04/26 06:13:52 - __main__ - INFO - 108 - trainer - [6772/8464] Loss: 0.0076
2024/04/26 06:18:56 - __main__ - INFO - 92 - trainer - Epoch: 68
2024/04/26 06:18:57 - __main__ - INFO - 108 - trainer - [0/8464] Loss: 0.0080
2024/04/26 06:23:32 - __main__ - INFO - 108 - trainer - [1693/8464] Loss: 0.0463
2024/04/26 06:28:13 - __main__ - INFO - 108 - trainer - [3386/8464] Loss: 0.0248
2024/04/26 06:32:42 - __main__ - INFO - 108 - trainer - [5079/8464] Loss: 0.0010
2024/04/26 06:37:24 - __main__ - INFO - 108 - trainer - [6772/8464] Loss: 0.0174
2024/04/26 06:42:11 - __main__ - INFO - 92 - trainer - Epoch: 69
2024/04/26 06:42:11 - __main__ - INFO - 108 - trainer - [0/8464] Loss: 0.0086
2024/04/26 06:46:27 - __main__ - INFO - 108 - trainer - [1693/8464] Loss: 0.0016
2024/04/26 06:50:36 - __main__ - INFO - 108 - trainer - [3386/8464] Loss: 0.0142
2024/04/26 06:55:14 - __main__ - INFO - 108 - trainer - [5079/8464] Loss: 0.0004
2024/04/26 06:59:33 - __main__ - INFO - 108 - trainer - [6772/8464] Loss: 0.0105
2024/04/26 07:03:50 - __main__ - INFO - 92 - trainer - Epoch: 70
2024/04/26 07:03:51 - __main__ - INFO - 108 - trainer - [0/8464] Loss: 0.0097
2024/04/26 07:08:22 - __main__ - INFO - 108 - trainer - [1693/8464] Loss: 0.0002
2024/04/26 07:13:09 - __main__ - INFO - 108 - trainer - [3386/8464] Loss: 0.0032
2024/04/26 07:19:54 - __main__ - INFO - 108 - trainer - [5079/8464] Loss: 0.0005
2024/04/26 07:25:55 - __main__ - INFO - 108 - trainer - [6772/8464] Loss: 0.0137
2024/04/26 07:32:40 - __main__ - INFO - 92 - trainer - Epoch: 71
2024/04/26 07:32:41 - __main__ - INFO - 108 - trainer - [0/8464] Loss: 0.0098
2024/04/26 07:38:56 - __main__ - INFO - 108 - trainer - [1693/8464] Loss: 0.0079
2024/04/26 07:45:15 - __main__ - INFO - 108 - trainer - [3386/8464] Loss: 0.0004
2024/04/26 07:51:25 - __main__ - INFO - 108 - trainer - [5079/8464] Loss: 0.0103
2024/04/26 07:57:45 - __main__ - INFO - 108 - trainer - [6772/8464] Loss: 0.0107
2024/04/26 08:04:19 - __main__ - INFO - 92 - trainer - Epoch: 72
2024/04/26 08:04:20 - __main__ - INFO - 108 - trainer - [0/8464] Loss: 0.0047
2024/04/26 08:10:30 - __main__ - INFO - 108 - trainer - [1693/8464] Loss: 0.0012
2024/04/26 08:17:29 - __main__ - INFO - 108 - trainer - [3386/8464] Loss: 0.0006
2024/04/26 08:26:07 - __main__ - INFO - 108 - trainer - [5079/8464] Loss: 0.0131
2024/04/26 08:32:55 - __main__ - INFO - 108 - trainer - [6772/8464] Loss: 0.0002
2024/04/26 08:40:08 - __main__ - INFO - 92 - trainer - Epoch: 73
2024/04/26 08:40:09 - __main__ - INFO - 108 - trainer - [0/8464] Loss: 0.0058
2024/04/26 08:47:03 - __main__ - INFO - 108 - trainer - [1693/8464] Loss: 0.0141
2024/04/26 08:54:46 - __main__ - INFO - 108 - trainer - [3386/8464] Loss: 0.0167
2024/04/26 09:05:13 - __main__ - INFO - 108 - trainer - [5079/8464] Loss: 0.0025
2024/04/26 09:15:49 - __main__ - INFO - 108 - trainer - [6772/8464] Loss: 0.0052
2024/04/26 09:26:48 - __main__ - INFO - 92 - trainer - Epoch: 74
2024/04/26 09:26:49 - __main__ - INFO - 108 - trainer - [0/8464] Loss: 0.0125
2024/04/26 09:37:11 - __main__ - INFO - 108 - trainer - [1693/8464] Loss: 0.0147
2024/04/26 09:47:07 - __main__ - INFO - 108 - trainer - [3386/8464] Loss: 0.0005
2024/04/26 09:56:31 - __main__ - INFO - 108 - trainer - [5079/8464] Loss: 0.0068
2024/04/26 10:06:01 - __main__ - INFO - 108 - trainer - [6772/8464] Loss: 0.0018
2024/04/26 10:16:18 - __main__ - INFO - 92 - trainer - Epoch: 75
2024/04/26 10:16:19 - __main__ - INFO - 108 - trainer - [0/8464] Loss: 0.0176
2024/04/26 10:25:51 - __main__ - INFO - 108 - trainer - [1693/8464] Loss: 0.0131
2024/04/26 10:35:23 - __main__ - INFO - 108 - trainer - [3386/8464] Loss: 0.0180
2024/04/26 10:46:21 - __main__ - INFO - 108 - trainer - [5079/8464] Loss: 0.0046
2024/04/26 10:56:39 - __main__ - INFO - 108 - trainer - [6772/8464] Loss: 0.0059
2024/04/26 11:06:18 - __main__ - INFO - 92 - trainer - Epoch: 76
2024/04/26 11:06:19 - __main__ - INFO - 108 - trainer - [0/8464] Loss: 0.0283
2024/04/26 11:15:46 - __main__ - INFO - 108 - trainer - [1693/8464] Loss: 0.0145
2024/04/26 11:25:48 - __main__ - INFO - 108 - trainer - [3386/8464] Loss: 0.0096
2024/04/26 11:35:19 - __main__ - INFO - 108 - trainer - [5079/8464] Loss: 0.0034
2024/04/26 11:44:42 - __main__ - INFO - 108 - trainer - [6772/8464] Loss: 0.0013
2024/04/26 11:55:05 - __main__ - INFO - 92 - trainer - Epoch: 77
2024/04/26 11:55:05 - __main__ - INFO - 108 - trainer - [0/8464] Loss: 0.0001
2024/04/26 12:05:17 - __main__ - INFO - 108 - trainer - [1693/8464] Loss: 0.0001
2024/04/26 12:15:54 - __main__ - INFO - 108 - trainer - [3386/8464] Loss: 0.0052
2024/04/26 12:27:42 - __main__ - INFO - 108 - trainer - [5079/8464] Loss: 0.0116
2024/04/26 12:39:23 - __main__ - INFO - 108 - trainer - [6772/8464] Loss: 0.0002
2024/04/26 12:52:06 - __main__ - INFO - 92 - trainer - Epoch: 78
2024/04/26 12:52:07 - __main__ - INFO - 108 - trainer - [0/8464] Loss: 0.0001
2024/04/26 13:03:10 - __main__ - INFO - 108 - trainer - [1693/8464] Loss: 0.0011
2024/04/26 13:14:30 - __main__ - INFO - 108 - trainer - [3386/8464] Loss: 0.0002
2024/04/26 13:25:13 - __main__ - INFO - 108 - trainer - [5079/8464] Loss: 0.0152
2024/04/26 13:35:48 - __main__ - INFO - 108 - trainer - [6772/8464] Loss: 0.0075
2024/04/26 13:46:27 - __main__ - INFO - 92 - trainer - Epoch: 79
2024/04/26 13:46:28 - __main__ - INFO - 108 - trainer - [0/8464] Loss: 0.0064
2024/04/26 13:57:43 - __main__ - INFO - 108 - trainer - [1693/8464] Loss: 0.0205
2024/04/26 14:10:42 - __main__ - INFO - 108 - trainer - [3386/8464] Loss: 0.0002
2024/04/26 14:22:32 - __main__ - INFO - 108 - trainer - [5079/8464] Loss: 0.0076
2024/04/26 14:34:12 - __main__ - INFO - 108 - trainer - [6772/8464] Loss: 0.0059
2024/04/26 14:46:52 - __main__ - INFO - 92 - trainer - Epoch: 80
2024/04/26 14:46:53 - __main__ - INFO - 108 - trainer - [0/8464] Loss: 0.0190
2024/04/26 14:58:27 - __main__ - INFO - 108 - trainer - [1693/8464] Loss: 0.0271
2024/04/26 15:08:59 - __main__ - INFO - 108 - trainer - [3386/8464] Loss: 0.0117
2024/04/26 15:19:16 - __main__ - INFO - 108 - trainer - [5079/8464] Loss: 0.0066
2024/04/26 15:29:20 - __main__ - INFO - 108 - trainer - [6772/8464] Loss: 0.0061
2024/04/26 15:40:16 - __main__ - INFO - 114 - trainer - start predicting: 2024-04-26 15:40:16.710460
2024/04/26 16:10:43 - __main__ - INFO - 92 - trainer - Epoch: 81
2024/04/26 16:10:44 - __main__ - INFO - 108 - trainer - [0/8464] Loss: 0.0244
2024/04/26 16:20:14 - __main__ - INFO - 108 - trainer - [1693/8464] Loss: 0.0034
2024/04/26 16:29:35 - __main__ - INFO - 108 - trainer - [3386/8464] Loss: 0.0035
2024/04/26 16:40:05 - __main__ - INFO - 108 - trainer - [5079/8464] Loss: 0.0008
2024/04/26 16:49:11 - __main__ - INFO - 108 - trainer - [6772/8464] Loss: 0.0076
2024/04/26 16:58:58 - __main__ - INFO - 92 - trainer - Epoch: 82
2024/04/26 16:58:59 - __main__ - INFO - 108 - trainer - [0/8464] Loss: 0.0156
2024/04/26 17:09:32 - __main__ - INFO - 108 - trainer - [1693/8464] Loss: 0.0060
2024/04/26 17:19:25 - __main__ - INFO - 108 - trainer - [3386/8464] Loss: 0.0120
2024/04/26 17:29:13 - __main__ - INFO - 108 - trainer - [5079/8464] Loss: 0.0028
2024/04/26 17:38:54 - __main__ - INFO - 108 - trainer - [6772/8464] Loss: 0.0077
2024/04/26 17:48:31 - __main__ - INFO - 92 - trainer - Epoch: 83
2024/04/26 17:48:32 - __main__ - INFO - 108 - trainer - [0/8464] Loss: 0.0002
2024/04/26 17:59:02 - __main__ - INFO - 108 - trainer - [1693/8464] Loss: 0.0054
2024/04/26 18:08:11 - __main__ - INFO - 108 - trainer - [3386/8464] Loss: 0.0039
2024/04/26 18:18:05 - __main__ - INFO - 108 - trainer - [5079/8464] Loss: 0.0069
2024/04/26 18:27:21 - __main__ - INFO - 108 - trainer - [6772/8464] Loss: 0.0029
2024/04/26 18:36:48 - __main__ - INFO - 92 - trainer - Epoch: 84
2024/04/26 18:36:48 - __main__ - INFO - 108 - trainer - [0/8464] Loss: 0.0378
2024/04/26 18:46:08 - __main__ - INFO - 108 - trainer - [1693/8464] Loss: 0.0061
2024/04/26 18:55:31 - __main__ - INFO - 108 - trainer - [3386/8464] Loss: 0.0027
2024/04/26 19:05:42 - __main__ - INFO - 108 - trainer - [5079/8464] Loss: 0.0002
2024/04/26 19:15:34 - __main__ - INFO - 108 - trainer - [6772/8464] Loss: 0.0204
2024/04/26 19:25:09 - __main__ - INFO - 92 - trainer - Epoch: 85
2024/04/26 19:25:09 - __main__ - INFO - 108 - trainer - [0/8464] Loss: 0.0092
2024/04/26 19:35:48 - __main__ - INFO - 108 - trainer - [1693/8464] Loss: 0.0017
2024/04/26 19:45:32 - __main__ - INFO - 108 - trainer - [3386/8464] Loss: 0.0137
2024/04/26 19:55:19 - __main__ - INFO - 108 - trainer - [5079/8464] Loss: 0.0036
2024/04/26 20:04:54 - __main__ - INFO - 108 - trainer - [6772/8464] Loss: 0.0054
2024/04/26 20:14:46 - __main__ - INFO - 92 - trainer - Epoch: 86
2024/04/26 20:14:47 - __main__ - INFO - 108 - trainer - [0/8464] Loss: 0.0082
2024/04/26 20:25:21 - __main__ - INFO - 108 - trainer - [1693/8464] Loss: 0.0036
2024/04/26 20:34:40 - __main__ - INFO - 108 - trainer - [3386/8464] Loss: 0.0094
2024/04/26 20:44:40 - __main__ - INFO - 108 - trainer - [5079/8464] Loss: 0.0104
2024/04/26 20:54:04 - __main__ - INFO - 108 - trainer - [6772/8464] Loss: 0.0010
2024/04/26 21:03:22 - __main__ - INFO - 92 - trainer - Epoch: 87
2024/04/26 21:03:23 - __main__ - INFO - 108 - trainer - [0/8464] Loss: 0.0011
2024/04/26 21:12:51 - __main__ - INFO - 108 - trainer - [1693/8464] Loss: 0.0013
2024/04/26 21:22:09 - __main__ - INFO - 108 - trainer - [3386/8464] Loss: 0.0007
2024/04/26 21:32:18 - __main__ - INFO - 108 - trainer - [5079/8464] Loss: 0.0007
2024/04/26 21:42:03 - __main__ - INFO - 108 - trainer - [6772/8464] Loss: 0.0004
2024/04/26 21:51:47 - __main__ - INFO - 92 - trainer - Epoch: 88
2024/04/26 21:51:47 - __main__ - INFO - 108 - trainer - [0/8464] Loss: 0.0277
2024/04/26 22:02:05 - __main__ - INFO - 108 - trainer - [1693/8464] Loss: 0.0065
2024/04/26 22:11:49 - __main__ - INFO - 108 - trainer - [3386/8464] Loss: 0.0014
2024/04/26 22:21:02 - __main__ - INFO - 108 - trainer - [5079/8464] Loss: 0.0049
2024/04/26 22:29:40 - __main__ - INFO - 108 - trainer - [6772/8464] Loss: 0.0001
2024/04/26 22:39:23 - __main__ - INFO - 92 - trainer - Epoch: 89
2024/04/26 22:39:23 - __main__ - INFO - 108 - trainer - [0/8464] Loss: 0.0081
2024/04/26 22:48:23 - __main__ - INFO - 108 - trainer - [1693/8464] Loss: 0.0114
2024/04/26 22:57:16 - __main__ - INFO - 108 - trainer - [3386/8464] Loss: 0.0109
2024/04/26 23:06:24 - __main__ - INFO - 108 - trainer - [5079/8464] Loss: 0.0034
2024/04/26 23:14:36 - __main__ - INFO - 108 - trainer - [6772/8464] Loss: 0.0001
2024/04/26 23:22:46 - __main__ - INFO - 92 - trainer - Epoch: 90
2024/04/26 23:22:47 - __main__ - INFO - 108 - trainer - [0/8464] Loss: 0.0137
2024/04/26 23:30:48 - __main__ - INFO - 108 - trainer - [1693/8464] Loss: 0.0328
2024/04/26 23:39:01 - __main__ - INFO - 108 - trainer - [3386/8464] Loss: 0.0012
2024/04/26 23:47:53 - __main__ - INFO - 108 - trainer - [5079/8464] Loss: 0.0061
2024/04/26 23:56:17 - __main__ - INFO - 108 - trainer - [6772/8464] Loss: 0.0005
2024/04/27 00:04:22 - __main__ - INFO - 92 - trainer - Epoch: 91
2024/04/27 00:04:23 - __main__ - INFO - 108 - trainer - [0/8464] Loss: 0.0012
2024/04/27 00:13:43 - __main__ - INFO - 108 - trainer - [1693/8464] Loss: 0.0090
2024/04/27 00:22:30 - __main__ - INFO - 108 - trainer - [3386/8464] Loss: 0.0023
2024/04/27 00:31:28 - __main__ - INFO - 108 - trainer - [5079/8464] Loss: 0.0012
2024/04/27 00:40:16 - __main__ - INFO - 108 - trainer - [6772/8464] Loss: 0.0042
2024/04/27 00:50:00 - __main__ - INFO - 92 - trainer - Epoch: 92
2024/04/27 00:50:01 - __main__ - INFO - 108 - trainer - [0/8464] Loss: 0.0007
2024/04/27 00:58:43 - __main__ - INFO - 108 - trainer - [1693/8464] Loss: 0.0002
2024/04/27 01:07:39 - __main__ - INFO - 108 - trainer - [3386/8464] Loss: 0.0011
2024/04/27 01:17:02 - __main__ - INFO - 108 - trainer - [5079/8464] Loss: 0.0226
2024/04/27 01:25:39 - __main__ - INFO - 108 - trainer - [6772/8464] Loss: 0.0150
2024/04/27 01:33:45 - __main__ - INFO - 92 - trainer - Epoch: 93
2024/04/27 01:33:46 - __main__ - INFO - 108 - trainer - [0/8464] Loss: 0.0165
2024/04/27 01:42:02 - __main__ - INFO - 108 - trainer - [1693/8464] Loss: 0.0059
2024/04/27 01:49:56 - __main__ - INFO - 108 - trainer - [3386/8464] Loss: 0.0018
2024/04/27 01:58:33 - __main__ - INFO - 108 - trainer - [5079/8464] Loss: 0.0207
2024/04/27 02:06:15 - __main__ - INFO - 108 - trainer - [6772/8464] Loss: 0.0125
2024/04/27 02:14:46 - __main__ - INFO - 92 - trainer - Epoch: 94
2024/04/27 02:14:47 - __main__ - INFO - 108 - trainer - [0/8464] Loss: 0.0095
2024/04/27 02:22:45 - __main__ - INFO - 108 - trainer - [1693/8464] Loss: 0.0002
2024/04/27 02:31:12 - __main__ - INFO - 108 - trainer - [3386/8464] Loss: 0.0004
2024/04/27 02:39:11 - __main__ - INFO - 108 - trainer - [5079/8464] Loss: 0.0012
2024/04/27 02:46:50 - __main__ - INFO - 108 - trainer - [6772/8464] Loss: 0.0124
2024/04/27 02:54:48 - __main__ - INFO - 92 - trainer - Epoch: 95
2024/04/27 02:54:48 - __main__ - INFO - 108 - trainer - [0/8464] Loss: 0.0054
2024/04/27 03:02:28 - __main__ - INFO - 108 - trainer - [1693/8464] Loss: 0.0053
2024/04/27 03:09:59 - __main__ - INFO - 108 - trainer - [3386/8464] Loss: 0.0006
2024/04/27 03:18:11 - __main__ - INFO - 108 - trainer - [5079/8464] Loss: 0.0510
2024/04/27 03:26:24 - __main__ - INFO - 108 - trainer - [6772/8464] Loss: 0.0003
2024/04/27 03:35:09 - __main__ - INFO - 92 - trainer - Epoch: 96
2024/04/27 03:35:10 - __main__ - INFO - 108 - trainer - [0/8464] Loss: 0.0369
2024/04/27 03:43:26 - __main__ - INFO - 108 - trainer - [1693/8464] Loss: 0.0111
2024/04/27 03:51:38 - __main__ - INFO - 108 - trainer - [3386/8464] Loss: 0.0053
2024/04/27 04:00:22 - __main__ - INFO - 108 - trainer - [5079/8464] Loss: 0.0038
2024/04/27 04:08:27 - __main__ - INFO - 108 - trainer - [6772/8464] Loss: 0.0088
2024/04/27 04:16:58 - __main__ - INFO - 92 - trainer - Epoch: 97
2024/04/27 04:16:59 - __main__ - INFO - 108 - trainer - [0/8464] Loss: 0.0044
2024/04/27 04:24:50 - __main__ - INFO - 108 - trainer - [1693/8464] Loss: 0.0075
2024/04/27 04:32:40 - __main__ - INFO - 108 - trainer - [3386/8464] Loss: 0.0075
2024/04/27 04:41:16 - __main__ - INFO - 108 - trainer - [5079/8464] Loss: 0.0097
2024/04/27 04:49:31 - __main__ - INFO - 108 - trainer - [6772/8464] Loss: 0.0160
2024/04/27 04:57:50 - __main__ - INFO - 92 - trainer - Epoch: 98
2024/04/27 04:57:51 - __main__ - INFO - 108 - trainer - [0/8464] Loss: 0.0033
2024/04/27 05:05:31 - __main__ - INFO - 108 - trainer - [1693/8464] Loss: 0.0021
2024/04/27 05:12:28 - __main__ - INFO - 108 - trainer - [3386/8464] Loss: 0.0008
2024/04/27 05:20:15 - __main__ - INFO - 108 - trainer - [5079/8464] Loss: 0.0101
2024/04/27 05:27:13 - __main__ - INFO - 108 - trainer - [6772/8464] Loss: 0.0009
2024/04/27 05:34:23 - __main__ - INFO - 92 - trainer - Epoch: 99
2024/04/27 05:34:24 - __main__ - INFO - 108 - trainer - [0/8464] Loss: 0.0006
2024/04/27 05:41:36 - __main__ - INFO - 108 - trainer - [1693/8464] Loss: 0.0159
2024/04/27 05:49:27 - __main__ - INFO - 108 - trainer - [3386/8464] Loss: 0.0068
2024/04/27 05:57:07 - __main__ - INFO - 108 - trainer - [5079/8464] Loss: 0.0004
2024/04/27 06:05:04 - __main__ - INFO - 108 - trainer - [6772/8464] Loss: 0.0008
2024/04/27 06:13:49 - __main__ - INFO - 92 - trainer - Epoch: 100
2024/04/27 06:13:49 - __main__ - INFO - 108 - trainer - [0/8464] Loss: 0.0001
2024/04/27 06:21:39 - __main__ - INFO - 108 - trainer - [1693/8464] Loss: 0.0002
2024/04/27 06:29:35 - __main__ - INFO - 108 - trainer - [3386/8464] Loss: 0.0017
2024/04/27 06:37:25 - __main__ - INFO - 108 - trainer - [5079/8464] Loss: 0.0004
2024/04/27 06:45:18 - __main__ - INFO - 108 - trainer - [6772/8464] Loss: 0.0000
2024/04/27 06:53:47 - __main__ - INFO - 114 - trainer - start predicting: 2024-04-27 06:53:47.713135
2024/04/27 07:20:55 - __main__ - INFO - 92 - trainer - Epoch: 101
2024/04/27 07:20:55 - __main__ - INFO - 108 - trainer - [0/8464] Loss: 0.0002
2024/04/27 07:27:52 - __main__ - INFO - 108 - trainer - [1693/8464] Loss: 0.0000
2024/04/27 07:34:53 - __main__ - INFO - 108 - trainer - [3386/8464] Loss: 0.0002
2024/04/27 07:42:01 - __main__ - INFO - 108 - trainer - [5079/8464] Loss: 0.0000
2024/04/27 07:49:31 - __main__ - INFO - 108 - trainer - [6772/8464] Loss: 0.0000
2024/04/27 07:56:03 - __main__ - INFO - 92 - trainer - Epoch: 102
2024/04/27 07:56:04 - __main__ - INFO - 108 - trainer - [0/8464] Loss: 0.0001
2024/04/27 08:03:02 - __main__ - INFO - 108 - trainer - [1693/8464] Loss: 0.0001
2024/04/27 08:09:49 - __main__ - INFO - 108 - trainer - [3386/8464] Loss: 0.0000
2024/04/27 08:16:41 - __main__ - INFO - 108 - trainer - [5079/8464] Loss: 0.0002
2024/04/27 08:27:02 - __main__ - INFO - 108 - trainer - [6772/8464] Loss: 0.0034
2024/04/27 08:39:24 - __main__ - INFO - 92 - trainer - Epoch: 103
2024/04/27 08:39:26 - __main__ - INFO - 108 - trainer - [0/8464] Loss: 0.0007
2024/04/27 08:57:44 - __main__ - INFO - 108 - trainer - [1693/8464] Loss: 0.0000
2024/04/27 09:15:07 - __main__ - INFO - 108 - trainer - [3386/8464] Loss: 0.0000
2024/04/27 09:32:47 - __main__ - INFO - 108 - trainer - [5079/8464] Loss: 0.0002
2024/04/27 09:53:06 - __main__ - INFO - 108 - trainer - [6772/8464] Loss: 0.0009
2024/04/27 10:10:54 - __main__ - INFO - 92 - trainer - Epoch: 104
2024/04/27 10:10:56 - __main__ - INFO - 108 - trainer - [0/8464] Loss: 0.0044
2024/04/27 10:28:47 - __main__ - INFO - 108 - trainer - [1693/8464] Loss: 0.0000
2024/04/27 10:46:31 - __main__ - INFO - 108 - trainer - [3386/8464] Loss: 0.0000
2024/04/27 10:59:57 - __main__ - INFO - 108 - trainer - [5079/8464] Loss: 0.0028
2024/04/27 11:13:52 - __main__ - INFO - 108 - trainer - [6772/8464] Loss: 0.0002
2024/04/27 11:26:33 - __main__ - INFO - 92 - trainer - Epoch: 105
2024/04/27 11:26:34 - __main__ - INFO - 108 - trainer - [0/8464] Loss: 0.0005
2024/04/27 11:38:12 - __main__ - INFO - 108 - trainer - [1693/8464] Loss: 0.0000
2024/04/27 11:48:22 - __main__ - INFO - 108 - trainer - [3386/8464] Loss: 0.0003
2024/04/27 11:58:50 - __main__ - INFO - 108 - trainer - [5079/8464] Loss: 0.0000
2024/04/27 12:09:16 - __main__ - INFO - 108 - trainer - [6772/8464] Loss: 0.0122
2024/04/27 12:18:44 - __main__ - INFO - 92 - trainer - Epoch: 106
2024/04/27 12:18:45 - __main__ - INFO - 108 - trainer - [0/8464] Loss: 0.0000
2024/04/27 12:28:05 - __main__ - INFO - 108 - trainer - [1693/8464] Loss: 0.0000
2024/04/27 12:37:10 - __main__ - INFO - 108 - trainer - [3386/8464] Loss: 0.0109
2024/04/27 12:46:46 - __main__ - INFO - 108 - trainer - [5079/8464] Loss: 0.0000
2024/04/27 13:01:29 - __main__ - INFO - 108 - trainer - [6772/8464] Loss: 0.0001
2024/04/27 13:15:09 - __main__ - INFO - 92 - trainer - Epoch: 107
2024/04/27 13:15:10 - __main__ - INFO - 108 - trainer - [0/8464] Loss: 0.0000
2024/04/27 13:28:37 - __main__ - INFO - 108 - trainer - [1693/8464] Loss: 0.0027
2024/04/27 13:41:48 - __main__ - INFO - 108 - trainer - [3386/8464] Loss: 0.0001
2024/04/27 13:56:15 - __main__ - INFO - 108 - trainer - [5079/8464] Loss: 0.0052
2024/04/27 14:09:27 - __main__ - INFO - 108 - trainer - [6772/8464] Loss: 0.0002
2024/04/27 14:22:43 - __main__ - INFO - 92 - trainer - Epoch: 108
2024/04/27 14:22:44 - __main__ - INFO - 108 - trainer - [0/8464] Loss: 0.0004
2024/04/27 14:36:44 - __main__ - INFO - 108 - trainer - [1693/8464] Loss: 0.0000
2024/04/27 14:49:44 - __main__ - INFO - 108 - trainer - [3386/8464] Loss: 0.0004
2024/04/27 15:02:10 - __main__ - INFO - 108 - trainer - [5079/8464] Loss: 0.0001
2024/04/27 15:14:09 - __main__ - INFO - 108 - trainer - [6772/8464] Loss: 0.0017
2024/04/27 15:26:20 - __main__ - INFO - 92 - trainer - Epoch: 109
2024/04/27 15:26:21 - __main__ - INFO - 108 - trainer - [0/8464] Loss: 0.0000
2024/04/27 15:39:10 - __main__ - INFO - 108 - trainer - [1693/8464] Loss: 0.0000
2024/04/27 15:50:31 - __main__ - INFO - 108 - trainer - [3386/8464] Loss: 0.0064
2024/04/27 16:01:03 - __main__ - INFO - 108 - trainer - [5079/8464] Loss: 0.0000
2024/04/27 16:11:51 - __main__ - INFO - 108 - trainer - [6772/8464] Loss: 0.0001
2024/04/27 16:22:04 - __main__ - INFO - 92 - trainer - Epoch: 110
2024/04/27 16:22:04 - __main__ - INFO - 108 - trainer - [0/8464] Loss: 0.0001
2024/04/27 16:32:06 - __main__ - INFO - 108 - trainer - [1693/8464] Loss: 0.0006
2024/04/27 16:42:05 - __main__ - INFO - 108 - trainer - [3386/8464] Loss: 0.0000
2024/04/27 16:53:07 - __main__ - INFO - 108 - trainer - [5079/8464] Loss: 0.0020
2024/04/27 17:03:18 - __main__ - INFO - 108 - trainer - [6772/8464] Loss: 0.0000
2024/04/27 17:14:08 - __main__ - INFO - 92 - trainer - Epoch: 111
2024/04/27 17:14:09 - __main__ - INFO - 108 - trainer - [0/8464] Loss: 0.0000
2024/04/27 17:26:29 - __main__ - INFO - 108 - trainer - [1693/8464] Loss: 0.0007
2024/04/27 17:38:14 - __main__ - INFO - 108 - trainer - [3386/8464] Loss: 0.0017
2024/04/27 17:49:39 - __main__ - INFO - 108 - trainer - [5079/8464] Loss: 0.0001
2024/04/27 18:01:21 - __main__ - INFO - 108 - trainer - [6772/8464] Loss: 0.0000
2024/04/27 18:12:44 - __main__ - INFO - 92 - trainer - Epoch: 112
2024/04/27 18:12:45 - __main__ - INFO - 108 - trainer - [0/8464] Loss: 0.0023
2024/04/27 18:25:01 - __main__ - INFO - 108 - trainer - [1693/8464] Loss: 0.0003
2024/04/27 18:36:26 - __main__ - INFO - 108 - trainer - [3386/8464] Loss: 0.0000
2024/04/27 18:48:56 - __main__ - INFO - 108 - trainer - [5079/8464] Loss: 0.0001
2024/04/27 19:00:15 - __main__ - INFO - 108 - trainer - [6772/8464] Loss: 0.0077
2024/04/27 19:10:37 - __main__ - INFO - 92 - trainer - Epoch: 113
2024/04/27 19:10:38 - __main__ - INFO - 108 - trainer - [0/8464] Loss: 0.0000
2024/04/27 19:20:34 - __main__ - INFO - 108 - trainer - [1693/8464] Loss: 0.0000
2024/04/27 19:30:21 - __main__ - INFO - 108 - trainer - [3386/8464] Loss: 0.0000
2024/04/27 19:40:47 - __main__ - INFO - 108 - trainer - [5079/8464] Loss: 0.0000
2024/04/27 19:49:35 - __main__ - INFO - 108 - trainer - [6772/8464] Loss: 0.0000
2024/04/27 19:58:42 - __main__ - INFO - 92 - trainer - Epoch: 114
2024/04/27 19:58:43 - __main__ - INFO - 108 - trainer - [0/8464] Loss: 0.0010
2024/04/27 20:08:38 - __main__ - INFO - 108 - trainer - [1693/8464] Loss: 0.0000
2024/04/27 20:17:44 - __main__ - INFO - 108 - trainer - [3386/8464] Loss: 0.0002
2024/04/27 20:25:27 - __main__ - INFO - 108 - trainer - [5079/8464] Loss: 0.0004
2024/04/27 20:32:38 - __main__ - INFO - 108 - trainer - [6772/8464] Loss: 0.0000
2024/04/27 20:39:52 - __main__ - INFO - 92 - trainer - Epoch: 115
2024/04/27 20:39:53 - __main__ - INFO - 108 - trainer - [0/8464] Loss: 0.0012
2024/04/27 20:48:01 - __main__ - INFO - 108 - trainer - [1693/8464] Loss: 0.0000
2024/04/27 20:55:14 - __main__ - INFO - 108 - trainer - [3386/8464] Loss: 0.0007
2024/04/27 21:04:45 - __main__ - INFO - 108 - trainer - [5079/8464] Loss: 0.0000
2024/04/27 21:12:52 - __main__ - INFO - 108 - trainer - [6772/8464] Loss: 0.0000
2024/04/27 21:20:24 - __main__ - INFO - 92 - trainer - Epoch: 116
2024/04/27 21:20:25 - __main__ - INFO - 108 - trainer - [0/8464] Loss: 0.0051
2024/04/27 21:27:57 - __main__ - INFO - 108 - trainer - [1693/8464] Loss: 0.0000
2024/04/27 21:35:05 - __main__ - INFO - 108 - trainer - [3386/8464] Loss: 0.0006
2024/04/27 21:42:20 - __main__ - INFO - 108 - trainer - [5079/8464] Loss: 0.0028
2024/04/27 21:48:38 - __main__ - INFO - 108 - trainer - [6772/8464] Loss: 0.0011
2024/04/27 21:55:27 - __main__ - INFO - 92 - trainer - Epoch: 117
2024/04/27 21:55:28 - __main__ - INFO - 108 - trainer - [0/8464] Loss: 0.0022
2024/04/27 22:03:19 - __main__ - INFO - 108 - trainer - [1693/8464] Loss: 0.0001
2024/04/27 22:10:20 - __main__ - INFO - 108 - trainer - [3386/8464] Loss: 0.0000
2024/04/27 22:16:46 - __main__ - INFO - 108 - trainer - [5079/8464] Loss: 0.0035
2024/04/27 22:23:26 - __main__ - INFO - 108 - trainer - [6772/8464] Loss: 0.0000
2024/04/27 22:29:41 - __main__ - INFO - 92 - trainer - Epoch: 118
2024/04/27 22:29:42 - __main__ - INFO - 108 - trainer - [0/8464] Loss: 0.0008
2024/04/27 22:34:30 - __main__ - INFO - 108 - trainer - [1693/8464] Loss: 0.0000
2024/04/27 22:39:06 - __main__ - INFO - 108 - trainer - [3386/8464] Loss: 0.0000
2024/04/27 22:44:03 - __main__ - INFO - 108 - trainer - [5079/8464] Loss: 0.0001
2024/04/27 22:48:52 - __main__ - INFO - 108 - trainer - [6772/8464] Loss: 0.0007
2024/04/27 22:53:47 - __main__ - INFO - 92 - trainer - Epoch: 119
2024/04/27 22:53:47 - __main__ - INFO - 108 - trainer - [0/8464] Loss: 0.0000
2024/04/27 22:58:22 - __main__ - INFO - 108 - trainer - [1693/8464] Loss: 0.0004
2024/04/27 23:03:27 - __main__ - INFO - 108 - trainer - [3386/8464] Loss: 0.0006
2024/04/27 23:08:42 - __main__ - INFO - 108 - trainer - [5079/8464] Loss: 0.0001
2024/04/27 23:13:30 - __main__ - INFO - 108 - trainer - [6772/8464] Loss: 0.0044
2024/04/27 23:18:26 - __main__ - INFO - 92 - trainer - Epoch: 120
2024/04/27 23:18:26 - __main__ - INFO - 108 - trainer - [0/8464] Loss: 0.0000
2024/04/27 23:24:31 - __main__ - INFO - 108 - trainer - [1693/8464] Loss: 0.0001
2024/04/27 23:30:20 - __main__ - INFO - 108 - trainer - [3386/8464] Loss: 0.0001
2024/04/27 23:36:15 - __main__ - INFO - 108 - trainer - [5079/8464] Loss: 0.0050
2024/04/27 23:42:16 - __main__ - INFO - 108 - trainer - [6772/8464] Loss: 0.0001
2024/04/27 23:49:08 - __main__ - INFO - 114 - trainer - start predicting: 2024-04-27 23:49:08.840953
2024/04/28 00:15:02 - __main__ - INFO - 141 - trainer - {'Best_HR@5': 0.4627, 'Best_NDCG@5': 0.2998, 'Best_HR@10': 0.5075, 'Best_NDCG@10': 0.3061, 'Best_HR@20': 1.0897, 'Best_NDCG@20': 0.357}
2024/04/28 00:15:02 - __main__ - INFO - 142 - trainer - {'Best_epoch_HR@5': 60, 'Best_epoch_NDCG@5': 60, 'Best_epoch_HR@10': 120, 'Best_epoch_NDCG@10': 60, 'Best_epoch_HR@20': 120, 'Best_epoch_NDCG@20': 120}
2024/04/28 00:15:02 - __main__ - INFO - 92 - trainer - Epoch: 121
2024/04/28 00:15:03 - __main__ - INFO - 108 - trainer - [0/8464] Loss: 0.0016
2024/04/28 00:20:17 - __main__ - INFO - 108 - trainer - [1693/8464] Loss: 0.0001
2024/04/28 00:24:26 - __main__ - INFO - 108 - trainer - [3386/8464] Loss: 0.0001
2024/04/28 00:28:34 - __main__ - INFO - 108 - trainer - [5079/8464] Loss: 0.0006
2024/04/28 00:32:59 - __main__ - INFO - 108 - trainer - [6772/8464] Loss: 0.0000
2024/04/28 00:37:06 - __main__ - INFO - 92 - trainer - Epoch: 122
2024/04/28 00:37:06 - __main__ - INFO - 108 - trainer - [0/8464] Loss: 0.0001
2024/04/28 00:41:15 - __main__ - INFO - 108 - trainer - [1693/8464] Loss: 0.0004
2024/04/28 00:45:57 - __main__ - INFO - 108 - trainer - [3386/8464] Loss: 0.0007
2024/04/28 00:50:06 - __main__ - INFO - 108 - trainer - [5079/8464] Loss: 0.0001
2024/04/28 00:54:10 - __main__ - INFO - 108 - trainer - [6772/8464] Loss: 0.0001
2024/04/28 00:58:19 - __main__ - INFO - 92 - trainer - Epoch: 123
2024/04/28 00:58:19 - __main__ - INFO - 108 - trainer - [0/8464] Loss: 0.0000
2024/04/28 01:02:20 - __main__ - INFO - 108 - trainer - [1693/8464] Loss: 0.0001
2024/04/28 01:06:40 - __main__ - INFO - 108 - trainer - [3386/8464] Loss: 0.0001
2024/04/28 01:10:36 - __main__ - INFO - 108 - trainer - [5079/8464] Loss: 0.0000
2024/04/28 01:15:04 - __main__ - INFO - 108 - trainer - [6772/8464] Loss: 0.0004
2024/04/28 01:20:16 - __main__ - INFO - 92 - trainer - Epoch: 124
2024/04/28 01:20:17 - __main__ - INFO - 108 - trainer - [0/8464] Loss: 0.0004
2024/04/28 01:24:57 - __main__ - INFO - 108 - trainer - [1693/8464] Loss: 0.0000
2024/04/28 01:29:03 - __main__ - INFO - 108 - trainer - [3386/8464] Loss: 0.0002
2024/04/28 01:32:44 - __main__ - INFO - 108 - trainer - [5079/8464] Loss: 0.0000
2024/04/28 01:37:01 - __main__ - INFO - 108 - trainer - [6772/8464] Loss: 0.0000
2024/04/28 01:40:48 - __main__ - INFO - 92 - trainer - Epoch: 125
2024/04/28 01:40:48 - __main__ - INFO - 108 - trainer - [0/8464] Loss: 0.0112
2024/04/28 01:44:32 - __main__ - INFO - 108 - trainer - [1693/8464] Loss: 0.0082
2024/04/28 01:48:48 - __main__ - INFO - 108 - trainer - [3386/8464] Loss: 0.0000
2024/04/28 01:52:34 - __main__ - INFO - 108 - trainer - [5079/8464] Loss: 0.0001
2024/04/28 01:56:22 - __main__ - INFO - 108 - trainer - [6772/8464] Loss: 0.0021
2024/04/28 02:00:09 - __main__ - INFO - 92 - trainer - Epoch: 126
2024/04/28 02:00:09 - __main__ - INFO - 108 - trainer - [0/8464] Loss: 0.0000
2024/04/28 02:03:57 - __main__ - INFO - 108 - trainer - [1693/8464] Loss: 0.0000
2024/04/28 02:08:26 - __main__ - INFO - 108 - trainer - [3386/8464] Loss: 0.0001
2024/04/28 02:12:48 - __main__ - INFO - 108 - trainer - [5079/8464] Loss: 0.0002
2024/04/28 02:17:35 - __main__ - INFO - 108 - trainer - [6772/8464] Loss: 0.0000
2024/04/28 02:21:36 - __main__ - INFO - 92 - trainer - Epoch: 127
2024/04/28 02:21:36 - __main__ - INFO - 108 - trainer - [0/8464] Loss: 0.0024
2024/04/28 02:25:23 - __main__ - INFO - 108 - trainer - [1693/8464] Loss: 0.0039
2024/04/28 02:29:12 - __main__ - INFO - 108 - trainer - [3386/8464] Loss: 0.0001
2024/04/28 02:33:04 - __main__ - INFO - 108 - trainer - [5079/8464] Loss: 0.0005
2024/04/28 02:37:28 - __main__ - INFO - 108 - trainer - [6772/8464] Loss: 0.0000
2024/04/28 02:41:15 - __main__ - INFO - 92 - trainer - Epoch: 128
2024/04/28 02:41:15 - __main__ - INFO - 108 - trainer - [0/8464] Loss: 0.0004
2024/04/28 02:45:05 - __main__ - INFO - 108 - trainer - [1693/8464] Loss: 0.0000
2024/04/28 02:49:25 - __main__ - INFO - 108 - trainer - [3386/8464] Loss: 0.0013
2024/04/28 02:53:17 - __main__ - INFO - 108 - trainer - [5079/8464] Loss: 0.0003
2024/04/28 02:57:13 - __main__ - INFO - 108 - trainer - [6772/8464] Loss: 0.0001
2024/04/28 03:01:25 - __main__ - INFO - 92 - trainer - Epoch: 129
2024/04/28 03:01:26 - __main__ - INFO - 108 - trainer - [0/8464] Loss: 0.0000
2024/04/28 03:06:16 - __main__ - INFO - 108 - trainer - [1693/8464] Loss: 0.0001
2024/04/28 03:12:43 - __main__ - INFO - 108 - trainer - [3386/8464] Loss: 0.0001
2024/04/28 03:18:39 - __main__ - INFO - 108 - trainer - [5079/8464] Loss: 0.0001
2024/04/28 03:24:57 - __main__ - INFO - 108 - trainer - [6772/8464] Loss: 0.0015
2024/04/28 03:30:49 - __main__ - INFO - 92 - trainer - Epoch: 130
2024/04/28 03:30:49 - __main__ - INFO - 108 - trainer - [0/8464] Loss: 0.0002
2024/04/28 03:36:35 - __main__ - INFO - 108 - trainer - [1693/8464] Loss: 0.0009
2024/04/28 03:42:22 - __main__ - INFO - 108 - trainer - [3386/8464] Loss: 0.0012
2024/04/28 03:48:22 - __main__ - INFO - 108 - trainer - [5079/8464] Loss: 0.0132
2024/04/28 03:55:11 - __main__ - INFO - 108 - trainer - [6772/8464] Loss: 0.0032
2024/04/28 04:01:11 - __main__ - INFO - 92 - trainer - Epoch: 131
2024/04/28 04:01:12 - __main__ - INFO - 108 - trainer - [0/8464] Loss: 0.0000
2024/04/28 04:07:14 - __main__ - INFO - 108 - trainer - [1693/8464] Loss: 0.0000
2024/04/28 04:13:43 - __main__ - INFO - 108 - trainer - [3386/8464] Loss: 0.0003
2024/04/28 04:19:39 - __main__ - INFO - 108 - trainer - [5079/8464] Loss: 0.0000
2024/04/28 04:25:33 - __main__ - INFO - 108 - trainer - [6772/8464] Loss: 0.0000
2024/04/28 04:31:26 - __main__ - INFO - 92 - trainer - Epoch: 132
2024/04/28 04:31:27 - __main__ - INFO - 108 - trainer - [0/8464] Loss: 0.0000
2024/04/28 04:37:40 - __main__ - INFO - 108 - trainer - [1693/8464] Loss: 0.0001
2024/04/28 04:44:17 - __main__ - INFO - 108 - trainer - [3386/8464] Loss: 0.0003
2024/04/28 04:50:18 - __main__ - INFO - 108 - trainer - [5079/8464] Loss: 0.0000
2024/04/28 04:56:56 - __main__ - INFO - 108 - trainer - [6772/8464] Loss: 0.0000
2024/04/28 05:02:57 - __main__ - INFO - 92 - trainer - Epoch: 133
2024/04/28 05:02:58 - __main__ - INFO - 108 - trainer - [0/8464] Loss: 0.0000
2024/04/28 05:09:08 - __main__ - INFO - 108 - trainer - [1693/8464] Loss: 0.0000
2024/04/28 05:15:12 - __main__ - INFO - 108 - trainer - [3386/8464] Loss: 0.0019
2024/04/28 05:21:15 - __main__ - INFO - 108 - trainer - [5079/8464] Loss: 0.0037
2024/04/28 05:27:45 - __main__ - INFO - 108 - trainer - [6772/8464] Loss: 0.0001
2024/04/28 05:34:00 - __main__ - INFO - 92 - trainer - Epoch: 134
2024/04/28 05:34:00 - __main__ - INFO - 108 - trainer - [0/8464] Loss: 0.0000
2024/04/28 05:40:11 - __main__ - INFO - 108 - trainer - [1693/8464] Loss: 0.0000
2024/04/28 05:47:07 - __main__ - INFO - 108 - trainer - [3386/8464] Loss: 0.0042
2024/04/28 05:53:15 - __main__ - INFO - 108 - trainer - [5079/8464] Loss: 0.0001
2024/04/28 05:59:12 - __main__ - INFO - 108 - trainer - [6772/8464] Loss: 0.0002
2024/04/28 06:05:25 - __main__ - INFO - 92 - trainer - Epoch: 135
2024/04/28 06:05:26 - __main__ - INFO - 108 - trainer - [0/8464] Loss: 0.0000
2024/04/28 06:12:07 - __main__ - INFO - 108 - trainer - [1693/8464] Loss: 0.0000
2024/04/28 06:18:21 - __main__ - INFO - 108 - trainer - [3386/8464] Loss: 0.0030
2024/04/28 06:24:58 - __main__ - INFO - 108 - trainer - [5079/8464] Loss: 0.0029
2024/04/28 06:31:49 - __main__ - INFO - 108 - trainer - [6772/8464] Loss: 0.0001
2024/04/28 06:38:00 - __main__ - INFO - 92 - trainer - Epoch: 136
2024/04/28 06:38:00 - __main__ - INFO - 108 - trainer - [0/8464] Loss: 0.0002
2024/04/28 06:43:56 - __main__ - INFO - 108 - trainer - [1693/8464] Loss: 0.0000
2024/04/28 06:50:11 - __main__ - INFO - 108 - trainer - [3386/8464] Loss: 0.0001
2024/04/28 06:56:15 - __main__ - INFO - 108 - trainer - [5079/8464] Loss: 0.0027
2024/04/28 07:02:48 - __main__ - INFO - 108 - trainer - [6772/8464] Loss: 0.0002
2024/04/28 07:08:38 - __main__ - INFO - 92 - trainer - Epoch: 137
2024/04/28 07:08:39 - __main__ - INFO - 108 - trainer - [0/8464] Loss: 0.0002
2024/04/28 07:15:14 - __main__ - INFO - 108 - trainer - [1693/8464] Loss: 0.0000
2024/04/28 07:21:05 - __main__ - INFO - 108 - trainer - [3386/8464] Loss: 0.0005
2024/04/28 07:26:55 - __main__ - INFO - 108 - trainer - [5079/8464] Loss: 0.0000
2024/04/28 07:32:54 - __main__ - INFO - 108 - trainer - [6772/8464] Loss: 0.0000
2024/04/28 07:38:50 - __main__ - INFO - 92 - trainer - Epoch: 138
2024/04/28 07:38:51 - __main__ - INFO - 108 - trainer - [0/8464] Loss: 0.0084
2024/04/28 07:45:13 - __main__ - INFO - 108 - trainer - [1693/8464] Loss: 0.0001
2024/04/28 07:52:23 - __main__ - INFO - 108 - trainer - [3386/8464] Loss: 0.0021
2024/04/28 07:59:39 - __main__ - INFO - 108 - trainer - [5079/8464] Loss: 0.0001
2024/04/28 08:06:25 - __main__ - INFO - 108 - trainer - [6772/8464] Loss: 0.0000
2024/04/28 08:11:29 - __main__ - INFO - 92 - trainer - Epoch: 139
2024/04/28 08:11:30 - __main__ - INFO - 108 - trainer - [0/8464] Loss: 0.0000
2024/04/28 08:16:34 - __main__ - INFO - 108 - trainer - [1693/8464] Loss: 0.0001
2024/04/28 08:21:40 - __main__ - INFO - 108 - trainer - [3386/8464] Loss: 0.0000
2024/04/28 08:27:07 - __main__ - INFO - 108 - trainer - [5079/8464] Loss: 0.0019
2024/04/28 08:32:55 - __main__ - INFO - 108 - trainer - [6772/8464] Loss: 0.0005
2024/04/28 08:37:58 - __main__ - INFO - 92 - trainer - Epoch: 140
2024/04/28 08:37:59 - __main__ - INFO - 108 - trainer - [0/8464] Loss: 0.0001
2024/04/28 08:43:31 - __main__ - INFO - 108 - trainer - [1693/8464] Loss: 0.0001
2024/04/28 08:48:45 - __main__ - INFO - 108 - trainer - [3386/8464] Loss: 0.0002
2024/04/28 08:53:59 - __main__ - INFO - 108 - trainer - [5079/8464] Loss: 0.0000
2024/04/28 08:59:18 - __main__ - INFO - 108 - trainer - [6772/8464] Loss: 0.0025
2024/04/28 09:05:18 - __main__ - INFO - 114 - trainer - start predicting: 2024-04-28 09:05:18.394869
